2023-08-20 00:09:29,023 INFO    MainThread:1866706 [wandb_setup.py:_flush():76] Current SDK version is 0.15.3
2023-08-20 00:09:29,032 INFO    MainThread:1866706 [wandb_setup.py:_flush():76] Configure stats pid to 1866706
2023-08-20 00:09:29,032 INFO    MainThread:1866706 [wandb_setup.py:_flush():76] Loading settings from /home/users/b/boget3/.config/wandb/settings
2023-08-20 00:09:29,033 INFO    MainThread:1866706 [wandb_setup.py:_flush():76] Loading settings from /home/users/b/boget3/vqvae-graph/wandb/settings
2023-08-20 00:09:29,033 INFO    MainThread:1866706 [wandb_setup.py:_flush():76] Loading settings from environment variables: {}
2023-08-20 00:09:29,034 INFO    MainThread:1866706 [wandb_setup.py:_flush():76] Inferring run settings from compute environment: {'program_relpath': 'main.py', 'program': '/home/users/b/boget3/vqvae-graph/./main.py'}
2023-08-20 00:09:29,034 INFO    MainThread:1866706 [wandb_setup.py:_flush():76] Applying login settings: {'api_key': '***REDACTED***'}
2023-08-20 00:09:29,035 INFO    MainThread:1866706 [wandb_setup.py:_flush():76] Applying login settings: {'api_key': '***REDACTED***'}
2023-08-20 00:09:29,035 INFO    MainThread:1866706 [wandb_init.py:_log_setup():507] Logging user logs to /home/users/b/boget3/vqvae-graph/wandb/run-20230820_000929-j0b7ijmd/logs/debug.log
2023-08-20 00:09:29,036 INFO    MainThread:1866706 [wandb_init.py:_log_setup():508] Logging internal logs to /home/users/b/boget3/vqvae-graph/wandb/run-20230820_000929-j0b7ijmd/logs/debug-internal.log
2023-08-20 00:09:29,036 INFO    MainThread:1866706 [wandb_init.py:init():547] calling init triggers
2023-08-20 00:09:29,036 INFO    MainThread:1866706 [wandb_init.py:init():554] wandb.init called with sweep_config: {}
config: {'log': {'n_loggin_steps': 10000, 'n_loggin_epochs': 1, 'wandb': 'online', 'debug': False}, 'data': {'dir': './data', 'data': 'ENZYMES', 'test_split': 0.2, 'max_feat_num': 0, 'max_node_num': 125, 'min_node_num': 10, 'add_path_feat': True, 'add_cycles_feat': True, 'add_random_feat': True, 'add_spectral_feat': True}, 'model': {'gamma': 0.1, 'decoder': {'nhf': 32, 'name': 'GNN', 'n_layers': 6, 'mlp_n_layers': 3, 'normalization': 'batch_norm', 'mlp_hidden_size': 128, 'skip_connection': True}, 'encoder': {'nhf': 32, 'name': 'GNN_PYG', 'n_layers': 6, 'mlp_n_layers': 3, 'normalization': 'batch_norm', 'mlp_hidden_size': 128, 'skip_connection': True}, 'quantizer': {'nc': 2, 'nz': 8, 'name': 'Quantizer', 'decay': 0.99, 'epsilon': 1e-05, 'init_steps': 0, 'codebook_size': 32, 'commitment_cost': 0.25}}, 'sample': False, 'dataset': 'enzymes', 'training': {'batch_size': 16, 'learning_rate': 0.0005, 'lr_decay': 0.5, 'decay_iteration': 2000, 'beta1': 0.9, 'beta2': 0.99, 'n_iter': 1000000, 'epochs': 2500, 'sort_codebook': False, 'sort_indices': True, 'betas': [0.9, 0.99]}, 'work_type': 'train_prior', 'train_prior': True, 'model_folder': 'run-20230818_192821-bnqv2lru', 'transformer': {'d_model': 128, 'num_heads': 16, 'n_blocks': 6}, 'autoencoder_path': 'run-20230818_192821-bnqv2lru'}
2023-08-20 00:09:29,037 INFO    MainThread:1866706 [wandb_init.py:init():596] starting backend
2023-08-20 00:09:29,037 INFO    MainThread:1866706 [wandb_init.py:init():600] setting up manager
2023-08-20 00:09:29,042 INFO    MainThread:1866706 [backend.py:_multiprocessing_setup():106] multiprocessing start_methods=fork,spawn,forkserver, using: spawn
2023-08-20 00:09:29,045 INFO    MainThread:1866706 [wandb_init.py:init():606] backend started and connected
2023-08-20 00:09:29,047 INFO    MainThread:1866706 [wandb_init.py:init():700] updated telemetry
2023-08-20 00:09:29,078 INFO    MainThread:1866706 [wandb_init.py:init():737] communicating run to backend with 60.0 second timeout
2023-08-20 00:09:29,491 INFO    MainThread:1866706 [wandb_run.py:_on_init():2177] communicating current version
2023-08-20 00:09:29,581 INFO    MainThread:1866706 [wandb_run.py:_on_init():2186] got version response upgrade_message: "wandb version 0.15.8 is available!  To upgrade, please run:\n $ pip install wandb --upgrade"

2023-08-20 00:09:29,581 INFO    MainThread:1866706 [wandb_init.py:init():787] starting run threads in backend
2023-08-20 00:09:36,466 INFO    MainThread:1866706 [wandb_run.py:_console_start():2158] atexit reg
2023-08-20 00:09:36,467 INFO    MainThread:1866706 [wandb_run.py:_redirect():2013] redirect: SettingsConsole.WRAP_RAW
2023-08-20 00:09:36,469 INFO    MainThread:1866706 [wandb_run.py:_redirect():2078] Wrapping output streams.
2023-08-20 00:09:36,470 INFO    MainThread:1866706 [wandb_run.py:_redirect():2103] Redirects installed.
2023-08-20 00:09:36,471 INFO    MainThread:1866706 [wandb_init.py:init():829] run started, returning control to user process
2023-08-20 08:00:46,040 WARNING MsgRouterThr:1866706 [router.py:message_loop():77] message_loop has been closed
