2023-08-18 22:43:44,425 INFO    MainThread:3054719 [wandb_setup.py:_flush():76] Current SDK version is 0.15.3
2023-08-18 22:43:44,426 INFO    MainThread:3054719 [wandb_setup.py:_flush():76] Configure stats pid to 3054719
2023-08-18 22:43:44,426 INFO    MainThread:3054719 [wandb_setup.py:_flush():76] Loading settings from /home/users/b/boget3/.config/wandb/settings
2023-08-18 22:43:44,426 INFO    MainThread:3054719 [wandb_setup.py:_flush():76] Loading settings from /home/users/b/boget3/vqvae-graph/wandb/settings
2023-08-18 22:43:44,426 INFO    MainThread:3054719 [wandb_setup.py:_flush():76] Loading settings from environment variables: {}
2023-08-18 22:43:44,426 INFO    MainThread:3054719 [wandb_setup.py:_flush():76] Inferring run settings from compute environment: {'program_relpath': 'main.py', 'program': '/home/users/b/boget3/vqvae-graph/./main.py'}
2023-08-18 22:43:44,426 INFO    MainThread:3054719 [wandb_setup.py:_flush():76] Applying login settings: {'api_key': '***REDACTED***'}
2023-08-18 22:43:44,427 INFO    MainThread:3054719 [wandb_setup.py:_flush():76] Applying login settings: {'api_key': '***REDACTED***'}
2023-08-18 22:43:44,428 INFO    MainThread:3054719 [wandb_init.py:_log_setup():507] Logging user logs to /home/users/b/boget3/vqvae-graph/wandb/run-20230818_224344-b2f1933r/logs/debug.log
2023-08-18 22:43:44,428 INFO    MainThread:3054719 [wandb_init.py:_log_setup():508] Logging internal logs to /home/users/b/boget3/vqvae-graph/wandb/run-20230818_224344-b2f1933r/logs/debug-internal.log
2023-08-18 22:43:44,429 INFO    MainThread:3054719 [wandb_init.py:init():547] calling init triggers
2023-08-18 22:43:44,429 INFO    MainThread:3054719 [wandb_init.py:init():554] wandb.init called with sweep_config: {}
config: {'log': {'n_loggin_steps': 2000, 'n_loggin_epochs': 1, 'wandb': 'online', 'debug': False}, 'data': {'dir': './data', 'data': 'QM9', 'max_feat_num': 4, 'max_node_num': 9, 'add_path_feat': True, 'add_cycles_feat': True, 'add_random_feat': True, 'add_spectral_feat': True}, 'model': {'gamma': 0.1, 'decoder': {'nhf': 32, 'name': 'GNN', 'n_layers': 4, 'mlp_n_layers': 3, 'normalization': 'batch_norm', 'mlp_hidden_size': 128, 'skip_connection': True}, 'encoder': {'nhf': 32, 'name': 'GNN_PYG', 'n_layers': 4, 'mlp_n_layers': 3, 'normalization': 'batch_norm', 'add_input_noise': False, 'mlp_hidden_size': 128, 'skip_connection': True}, 'quantizer': {'nc': 2, 'nz': 8, 'name': 'Quantizer', 'decay': 0.99, 'epsilon': 1e-05, 'init_steps': 0, 'codebook_size': 16, 'commitment_cost': 0.25}}, 'sample': False, 'dataset': 'qm9', 'training': {'batch_size': 32, 'learning_rate': 0.001, 'lr_decay': 0.5, 'decay_iteration': 25000, 'beta1': 0.9, 'beta2': 0.99, 'n_iter': 1000000, 'epochs': 100, 'sort_codebook': False, 'sort_indices': True, 'betas': [0.9, 0.99]}, 'work_type': 'train_prior', 'train_prior': True, 'model_folder': 'run-20230807_120422-p3y21x8g', 'transformer': {'d_model': 128, 'num_heads': 16, 'n_blocks': 6}, 'autoencoder_path': 'run-20230807_120422-p3y21x8g'}
2023-08-18 22:43:44,429 INFO    MainThread:3054719 [wandb_init.py:init():596] starting backend
2023-08-18 22:43:44,429 INFO    MainThread:3054719 [wandb_init.py:init():600] setting up manager
2023-08-18 22:43:44,432 INFO    MainThread:3054719 [backend.py:_multiprocessing_setup():106] multiprocessing start_methods=fork,spawn,forkserver, using: spawn
2023-08-18 22:43:44,434 INFO    MainThread:3054719 [wandb_init.py:init():606] backend started and connected
2023-08-18 22:43:44,436 INFO    MainThread:3054719 [wandb_init.py:init():700] updated telemetry
2023-08-18 22:43:44,451 INFO    MainThread:3054719 [wandb_init.py:init():737] communicating run to backend with 60.0 second timeout
2023-08-18 22:43:44,843 INFO    MainThread:3054719 [wandb_run.py:_on_init():2177] communicating current version
2023-08-18 22:43:44,916 INFO    MainThread:3054719 [wandb_run.py:_on_init():2186] got version response upgrade_message: "wandb version 0.15.8 is available!  To upgrade, please run:\n $ pip install wandb --upgrade"

2023-08-18 22:43:44,916 INFO    MainThread:3054719 [wandb_init.py:init():787] starting run threads in backend
2023-08-18 22:43:48,905 INFO    MainThread:3054719 [wandb_run.py:_console_start():2158] atexit reg
2023-08-18 22:43:48,905 INFO    MainThread:3054719 [wandb_run.py:_redirect():2013] redirect: SettingsConsole.WRAP_RAW
2023-08-18 22:43:48,907 INFO    MainThread:3054719 [wandb_run.py:_redirect():2078] Wrapping output streams.
2023-08-18 22:43:48,907 INFO    MainThread:3054719 [wandb_run.py:_redirect():2103] Redirects installed.
2023-08-18 22:43:48,908 INFO    MainThread:3054719 [wandb_init.py:init():829] run started, returning control to user process
